build/app/intermediates/manifest_merge_blame_file/release/manifest-merger-blame-release-report.txt
1<?xml version="1.0" encoding="utf-8"?>
2<manifest xmlns:android="http://schemas.android.com/apk/res/android"
3    package="tedorentcar.bm2elektrik_app"
4    android:versionCode="1"
5    android:versionName="1.0.0" >
6
7    <uses-sdk
8        android:minSdkVersion="21"
8-->src\main\AndroidManifest.xml
9        android:targetSdkVersion="30" />
9-->src\main\AndroidManifest.xml
10
11    <uses-permission android:name="android.permission.INTERNET" />
11-->[:google_sign_in] AndroidManifest.xml:7:5-67
11-->[:google_sign_in] AndroidManifest.xml:7:22-64
12    <uses-permission android:name="android.permission.ACCESS_NETWORK_STATE" />
12-->[com.google.firebase:firebase-auth:20.0.1] AndroidManifest.xml:24:5-79
12-->[com.google.firebase:firebase-auth:20.0.1] AndroidManifest.xml:24:22-76
13
14    <application
14-->src\main\AndroidManifest.xml:3:4-40:19
15        android:appComponentFactory="androidx.core.app.CoreComponentFactory"
15-->[androidx.core:core:1.1.0] AndroidManifest.xml:24:18-86
16        android:icon="@mipmap/logo"
16-->src\main\AndroidManifest.xml:5:9-36
17        android:label="BM2 ELEKTRIK" >
17-->src\main\AndroidManifest.xml:4:9-37
18        <activity
18-->src\main\AndroidManifest.xml:6:9-34:20
19            android:name="tedorentcar.bm2elektrik_app.MainActivity"
19-->src\main\AndroidManifest.xml:7:13-41
20            android:configChanges="orientation|keyboardHidden|keyboard|screenSize|smallestScreenSize|locale|layoutDirection|fontScale|screenLayout|density|uiMode"
20-->src\main\AndroidManifest.xml:10:13-163
21            android:hardwareAccelerated="true"
21-->src\main\AndroidManifest.xml:11:13-47
22            android:launchMode="singleTop"
22-->src\main\AndroidManifest.xml:8:13-43
23            android:theme="@style/LaunchTheme"
23-->src\main\AndroidManifest.xml:9:13-47
24            android:windowSoftInputMode="adjustResize" >
24-->src\main\AndroidManifest.xml:12:13-55
25
26            <!--
27                 Specifies an Android theme to apply to this Activity as soon as
28                 the Android process has started. This theme is visible to the user
29                 while the Flutter UI initializes. After that, this theme continues
30                 to determine the Window background behind the Flutter UI.
31            -->
32            <meta-data
32-->src\main\AndroidManifest.xml:17:13-20:17
33                android:name="io.flutter.embedding.android.NormalTheme"
33-->src\main\AndroidManifest.xml:18:15-70
34                android:resource="@style/NormalTheme" />
34-->src\main\AndroidManifest.xml:19:15-52
35            <!--
36                 Displays an Android View that continues showing the launch screen
37                 Drawable until Flutter paints its first frame, then this splash
38                 screen fades out. A splash screen is useful to avoid any visual
39                 gap between the end of Android's launch screen and the painting of
40                 Flutter's first frame.
41            -->
42            <meta-data
42-->src\main\AndroidManifest.xml:26:13-29:17
43                android:name="io.flutter.embedding.android.SplashScreenDrawable"
43-->src\main\AndroidManifest.xml:27:15-79
44                android:resource="@drawable/launch_background" />
44-->src\main\AndroidManifest.xml:28:15-61
45
46            <intent-filter>
46-->src\main\AndroidManifest.xml:30:13-33:29
47                <action android:name="android.intent.action.MAIN" />
47-->src\main\AndroidManifest.xml:31:17-68
47-->src\main\AndroidManifest.xml:31:25-66
48
49                <category android:name="android.intent.category.LAUNCHER" />
49-->src\main\AndroidManifest.xml:32:17-76
49-->src\main\AndroidManifest.xml:32:27-74
50            </intent-filter>
51        </activity>
52        <!--
53             Don't delete the meta-data below.
54             This is used by the Flutter tool to generate GeneratedPluginRegistrant.java
55        -->
56        <meta-data
56-->src\main\AndroidManifest.xml:37:9-39:33
57            android:name="flutterEmbedding"
57-->src\main\AndroidManifest.xml:38:13-44
58            android:value="2" />
58-->src\main\AndroidManifest.xml:39:13-30
59
60        <service
60-->[:firebase_auth] AndroidManifest.xml:8:9-12:19
61            android:name="com.google.firebase.components.ComponentDiscoveryService"
61-->[:firebase_auth] AndroidManifest.xml:8:18-89
62            android:directBootAware="true"
62-->[com.google.firebase:firebase-common:19.5.0] AndroidManifest.xml:35:13-43
63            android:exported="false" >
63-->[com.google.firebase:firebase-auth:20.0.1] AndroidManifest.xml:76:13-37
64            <meta-data
64-->[:firebase_auth] AndroidManifest.xml:9:13-11:85
65                android:name="com.google.firebase.components:io.flutter.plugins.firebase.auth.FlutterFirebaseAuthRegistrar"
65-->[:firebase_auth] AndroidManifest.xml:10:17-124
66                android:value="com.google.firebase.components.ComponentRegistrar" />
66-->[:firebase_auth] AndroidManifest.xml:11:17-82
67            <meta-data
67-->[:cloud_firestore] AndroidManifest.xml:9:13-11:85
68                android:name="com.google.firebase.components:io.flutter.plugins.firebase.firestore.FlutterFirebaseFirestoreRegistrar"
68-->[:cloud_firestore] AndroidManifest.xml:10:17-134
69                android:value="com.google.firebase.components.ComponentRegistrar" />
69-->[:cloud_firestore] AndroidManifest.xml:11:17-82
70            <meta-data
70-->[:firebase_core] AndroidManifest.xml:9:13-11:85
71                android:name="com.google.firebase.components:io.flutter.plugins.firebase.core.FlutterFirebaseCoreRegistrar"
71-->[:firebase_core] AndroidManifest.xml:10:17-124
72                android:value="com.google.firebase.components.ComponentRegistrar" />
72-->[:firebase_core] AndroidManifest.xml:11:17-82
73            <meta-data
73-->[com.google.firebase:firebase-auth:20.0.1] AndroidManifest.xml:77:13-79:85
74                android:name="com.google.firebase.components:com.google.firebase.auth.FirebaseAuthRegistrar"
74-->[com.google.firebase:firebase-auth:20.0.1] AndroidManifest.xml:78:17-109
75                android:value="com.google.firebase.components.ComponentRegistrar" />
75-->[com.google.firebase:firebase-auth:20.0.1] AndroidManifest.xml:79:17-82
76            <meta-data
76-->[com.google.firebase:firebase-firestore:22.0.1] AndroidManifest.xml:20:13-22:85
77                android:name="com.google.firebase.components:com.google.firebase.firestore.FirestoreRegistrar"
77-->[com.google.firebase:firebase-firestore:22.0.1] AndroidManifest.xml:21:17-111
78                android:value="com.google.firebase.components.ComponentRegistrar" />
78-->[com.google.firebase:firebase-firestore:22.0.1] AndroidManifest.xml:22:17-82
79            <!--
80                This registrar is not defined in the dynamic-module-support sdk itself to allow non-firebase
81                clients to use it as well, by defining this registrar in their own core/common library.
82            -->
83            <meta-data
83-->[com.google.firebase:firebase-common:19.5.0] AndroidManifest.xml:43:13-45:85
84                android:name="com.google.firebase.components:com.google.firebase.dynamicloading.DynamicLoadingRegistrar"
84-->[com.google.firebase:firebase-common:19.5.0] AndroidManifest.xml:44:17-121
85                android:value="com.google.firebase.components.ComponentRegistrar" />
85-->[com.google.firebase:firebase-common:19.5.0] AndroidManifest.xml:45:17-82
86        </service>
87
88        <activity
88-->[:url_launcher] AndroidManifest.xml:8:9-11:74
89            android:name="io.flutter.plugins.urllauncher.WebViewActivity"
89-->[:url_launcher] AndroidManifest.xml:9:13-74
90            android:exported="false"
90-->[:url_launcher] AndroidManifest.xml:10:13-37
91            android:theme="@android:style/Theme.NoTitleBar.Fullscreen" />
91-->[:url_launcher] AndroidManifest.xml:11:13-71
92        <activity
92-->[com.google.firebase:firebase-auth:20.0.1] AndroidManifest.xml:27:9-44:20
93            android:name="com.google.firebase.auth.internal.GenericIdpActivity"
93-->[com.google.firebase:firebase-auth:20.0.1] AndroidManifest.xml:28:13-80
94            android:excludeFromRecents="true"
94-->[com.google.firebase:firebase-auth:20.0.1] AndroidManifest.xml:29:13-46
95            android:exported="true"
95-->[com.google.firebase:firebase-auth:20.0.1] AndroidManifest.xml:30:13-36
96            android:launchMode="singleTask"
96-->[com.google.firebase:firebase-auth:20.0.1] AndroidManifest.xml:31:13-44
97            android:theme="@android:style/Theme.Translucent.NoTitleBar" >
97-->[com.google.firebase:firebase-auth:20.0.1] AndroidManifest.xml:32:13-72
98            <intent-filter>
98-->[com.google.firebase:firebase-auth:20.0.1] AndroidManifest.xml:33:13-43:29
99                <action android:name="android.intent.action.VIEW" />
99-->[com.google.firebase:firebase-auth:20.0.1] AndroidManifest.xml:34:17-69
99-->[com.google.firebase:firebase-auth:20.0.1] AndroidManifest.xml:34:25-66
100
101                <category android:name="android.intent.category.DEFAULT" />
101-->[com.google.firebase:firebase-auth:20.0.1] AndroidManifest.xml:36:17-76
101-->[com.google.firebase:firebase-auth:20.0.1] AndroidManifest.xml:36:27-73
102                <category android:name="android.intent.category.BROWSABLE" />
102-->[com.google.firebase:firebase-auth:20.0.1] AndroidManifest.xml:37:17-78
102-->[com.google.firebase:firebase-auth:20.0.1] AndroidManifest.xml:37:27-75
103
104                <data
104-->[com.google.firebase:firebase-auth:20.0.1] AndroidManifest.xml:39:17-42:51
105                    android:host="firebase.auth"
105-->[com.google.firebase:firebase-auth:20.0.1] AndroidManifest.xml:40:21-49
106                    android:path="/"
106-->[com.google.firebase:firebase-auth:20.0.1] AndroidManifest.xml:41:21-37
107                    android:scheme="genericidp" />
107-->[com.google.firebase:firebase-auth:20.0.1] AndroidManifest.xml:42:21-48
108            </intent-filter>
109        </activity>
110        <activity
110-->[com.google.firebase:firebase-auth:20.0.1] AndroidManifest.xml:45:9-62:20
111            android:name="com.google.firebase.auth.internal.RecaptchaActivity"
111-->[com.google.firebase:firebase-auth:20.0.1] AndroidManifest.xml:46:13-79
112            android:excludeFromRecents="true"
112-->[com.google.firebase:firebase-auth:20.0.1] AndroidManifest.xml:47:13-46
113            android:exported="true"
113-->[com.google.firebase:firebase-auth:20.0.1] AndroidManifest.xml:48:13-36
114            android:launchMode="singleTask"
114-->[com.google.firebase:firebase-auth:20.0.1] AndroidManifest.xml:49:13-44
115            android:theme="@android:style/Theme.Translucent.NoTitleBar" >
115-->[com.google.firebase:firebase-auth:20.0.1] AndroidManifest.xml:50:13-72
116            <intent-filter>
116-->[com.google.firebase:firebase-auth:20.0.1] AndroidManifest.xml:51:13-61:29
117                <action android:name="android.intent.action.VIEW" />
117-->[com.google.firebase:firebase-auth:20.0.1] AndroidManifest.xml:34:17-69
117-->[com.google.firebase:firebase-auth:20.0.1] AndroidManifest.xml:34:25-66
118
119                <category android:name="android.intent.category.DEFAULT" />
119-->[com.google.firebase:firebase-auth:20.0.1] AndroidManifest.xml:36:17-76
119-->[com.google.firebase:firebase-auth:20.0.1] AndroidManifest.xml:36:27-73
120                <category android:name="android.intent.category.BROWSABLE" />
120-->[com.google.firebase:firebase-auth:20.0.1] AndroidManifest.xml:37:17-78
120-->[com.google.firebase:firebase-auth:20.0.1] AndroidManifest.xml:37:27-75
121
122                <data
122-->[com.google.firebase:firebase-auth:20.0.1] AndroidManifest.xml:39:17-42:51
123                    android:host="firebase.auth"
123-->[com.google.firebase:firebase-auth:20.0.1] AndroidManifest.xml:40:21-49
124                    android:path="/"
124-->[com.google.firebase:firebase-auth:20.0.1] AndroidManifest.xml:41:21-37
125                    android:scheme="recaptcha" />
125-->[com.google.firebase:firebase-auth:20.0.1] AndroidManifest.xml:42:21-48
126            </intent-filter>
127        </activity>
128
129        <service
129-->[com.google.firebase:firebase-auth:20.0.1] AndroidManifest.xml:64:9-73:19
130            android:name="com.google.firebase.auth.api.fallback.service.FirebaseAuthFallbackService"
130-->[com.google.firebase:firebase-auth:20.0.1] AndroidManifest.xml:65:13-101
131            android:enabled="true"
131-->[com.google.firebase:firebase-auth:20.0.1] AndroidManifest.xml:66:13-35
132            android:exported="false" >
132-->[com.google.firebase:firebase-auth:20.0.1] AndroidManifest.xml:67:13-37
133            <intent-filter>
133-->[com.google.firebase:firebase-auth:20.0.1] AndroidManifest.xml:68:13-72:29
134                <action android:name="com.google.firebase.auth.api.gms.service.START" />
134-->[com.google.firebase:firebase-auth:20.0.1] AndroidManifest.xml:69:17-89
134-->[com.google.firebase:firebase-auth:20.0.1] AndroidManifest.xml:69:25-86
135
136                <category android:name="android.intent.category.DEFAULT" />
136-->[com.google.firebase:firebase-auth:20.0.1] AndroidManifest.xml:36:17-76
136-->[com.google.firebase:firebase-auth:20.0.1] AndroidManifest.xml:36:27-73
137            </intent-filter>
138        </service>
139
140        <provider
140-->[com.google.firebase:firebase-common:19.5.0] AndroidManifest.xml:26:9-31:39
141            android:name="com.google.firebase.provider.FirebaseInitProvider"
141-->[com.google.firebase:firebase-common:19.5.0] AndroidManifest.xml:27:13-77
142            android:authorities="tedorentcar.bm2elektrik_app.firebaseinitprovider"
142-->[com.google.firebase:firebase-common:19.5.0] AndroidManifest.xml:28:13-72
143            android:directBootAware="true"
143-->[com.google.firebase:firebase-common:19.5.0] AndroidManifest.xml:29:13-43
144            android:exported="false"
144-->[com.google.firebase:firebase-common:19.5.0] AndroidManifest.xml:30:13-37
145            android:initOrder="100" />
145-->[com.google.firebase:firebase-common:19.5.0] AndroidManifest.xml:31:13-36
146
147        <activity
147-->[com.google.android.gms:play-services-auth:16.0.1] AndroidManifest.xml:23:9-27:75
148            android:name="com.google.android.gms.auth.api.signin.internal.SignInHubActivity"
148-->[com.google.android.gms:play-services-auth:16.0.1] AndroidManifest.xml:24:13-93
149            android:excludeFromRecents="true"
149-->[com.google.android.gms:play-services-auth:16.0.1] AndroidManifest.xml:25:13-46
150            android:exported="false"
150-->[com.google.android.gms:play-services-auth:16.0.1] AndroidManifest.xml:26:13-37
151            android:theme="@android:style/Theme.Translucent.NoTitleBar" />
151-->[com.google.android.gms:play-services-auth:16.0.1] AndroidManifest.xml:27:13-72
152        <!--
153            Service handling Google Sign-In user revocation. For apps that do not integrate with
154            Google Sign-In, this service will never be started.
155        -->
156        <service
156-->[com.google.android.gms:play-services-auth:16.0.1] AndroidManifest.xml:33:9-36:110
157            android:name="com.google.android.gms.auth.api.signin.RevocationBoundService"
157-->[com.google.android.gms:play-services-auth:16.0.1] AndroidManifest.xml:34:13-89
158            android:exported="true"
158-->[com.google.android.gms:play-services-auth:16.0.1] AndroidManifest.xml:35:13-36
159            android:permission="com.google.android.gms.auth.api.signin.permission.REVOCATION_NOTIFICATION" />
159-->[com.google.android.gms:play-services-auth:16.0.1] AndroidManifest.xml:36:13-107
160
161        <activity
161-->[com.google.android.gms:play-services-base:17.1.0] AndroidManifest.xml:23:9-26:75
162            android:name="com.google.android.gms.common.api.GoogleApiActivity"
162-->[com.google.android.gms:play-services-base:17.1.0] AndroidManifest.xml:24:13-79
163            android:exported="false"
163-->[com.google.android.gms:play-services-base:17.1.0] AndroidManifest.xml:25:13-37
164            android:theme="@android:style/Theme.Translucent.NoTitleBar" />
164-->[com.google.android.gms:play-services-base:17.1.0] AndroidManifest.xml:26:13-72
165
166        <meta-data
166-->[com.google.android.gms:play-services-basement:17.1.0] AndroidManifest.xml:23:9-25:69
167            android:name="com.google.android.gms.version"
167-->[com.google.android.gms:play-services-basement:17.1.0] AndroidManifest.xml:24:13-58
168            android:value="@integer/google_play_services_version" />
168-->[com.google.android.gms:play-services-basement:17.1.0] AndroidManifest.xml:25:13-66
169    </application>
170
171</manifest>